2025-10-24 15:35:17,348 - WARNING - El usuario nana accedió al script
2025-10-24 15:35:21,734 - WARNING - El usuario nana salió del script.
2025-10-24 15:39:00,368 - WARNING - El usuario nana accedió al script
2025-10-24 15:39:25,544 - WARNING - El usuario nana salió del script.
2025-10-24 15:41:48,210 - WARNING - El usuario nana accedió al script
2025-10-24 15:41:51,566 - WARNING - El usuario nana salió del script.
2025-10-24 15:48:28,527 - WARNING - El usuario nana accedió al script
2025-10-24 15:48:36,092 - WARNING - El usuario nana salió del script.
2025-10-24 15:53:38,582 - WARNING - El usuario nana accedió al script
2025-10-24 15:53:43,328 - WARNING - El usuario nana salió del script.
2025-10-24 15:54:32,891 - WARNING - El usuario nana accedió al script
2025-10-24 15:54:57,163 - WARNING - El usuario nana salió del script.
2025-10-24 16:04:54,505 - WARNING - El usuario nana accedió al script
2025-10-24 16:05:07,923 - WARNING - El usuario nana salió del script.
2025-10-24 16:05:26,718 - WARNING - El usuario nana salió del script.
2025-10-24 16:10:08,562 - WARNING - El usuario nana accedió al script
2025-10-24 16:10:31,945 - WARNING - El usuario nana salió del script.
2025-10-24 16:14:26,085 - WARNING - El usuario nana accedió al script
2025-10-24 16:20:07,535 - WARNING - El usuario nana salió del script.
2025-10-24 16:20:22,176 - WARNING - El usuario nana salió del script.
2025-10-24 16:20:29,471 - WARNING - El usuario nana accedió al script
2025-10-24 16:20:44,708 - WARNING - El usuario nana salió del script.
2025-10-24 16:21:37,322 - WARNING - El usuario nana accedió al script
2025-10-24 16:21:59,564 - WARNING - El usuario nana salió del script.
2025-10-24 16:22:42,320 - WARNING - El usuario nana accedió al script
2025-10-24 16:23:14,160 - WARNING - El usuario nana salió del script.
2025-10-24 16:23:39,064 - WARNING - El usuario nana accedió al script
2025-10-24 16:23:42,066 - WARNING - El usuario nana salió del script.
2025-10-29 14:25:13,407 - WARNING - El usuario  accedió al script
2025-10-29 14:25:21,587 - INFO - El usuario  inició tareas activas.
2025-10-29 14:32:43,520 - WARNING - El usuario nana accedió al script
2025-10-29 14:32:46,699 - INFO - El usuario nana inició tareas pasivas.
2025-10-29 14:32:51,736 - INFO - El usuario nana inició tareas activas.
2025-10-29 14:33:02,719 - INFO - El usuario confirmó contar con autorización para tareas activas.
2025-10-29 14:33:14,534 - INFO - Escaneo al host scanme.nmap.org terminado exitosamente.
2025-10-29 14:33:19,875 - WARNING - El usuario nana salió del script.
2025-10-29 14:38:55,281 - WARNING - El usuario nana accedió al script
2025-10-29 14:38:55,287 - INFO - El usuario nana salió del script.
2025-10-29 14:39:25,297 - WARNING - El usuario nana accedió al script
2025-10-29 14:39:30,786 - INFO - El usuario nana inició tareas pasivas.
2025-10-29 14:39:35,050 - INFO - El usuario nana inició tareas activas.
2025-10-29 14:39:47,338 - INFO - El usuario confirmó contar con autorización para tareas activas.
2025-10-29 14:40:00,715 - INFO - Escaneo al host scanme.nmap.org terminado exitosamente.
2025-10-29 14:40:09,359 - INFO - El usuario nana salió del script.
2025-10-29 14:49:44,193 - WARNING - El usuario nana accedió al script
2025-10-29 14:50:09,953 - DEBUG - Starting new HTTPS connection (1): crt.sh:443
2025-10-29 14:50:11,711 - DEBUG - https://crt.sh:443 "GET /?q=%25.scanme.nmap.org&output=json HTTP/1.1" 200 2
2025-10-29 14:50:50,182 - WARNING - El usuario intentó ejecutar tareas activas sin autorización.
2025-10-29 14:51:00,657 - WARNING - El usuario intentó ejecutar tareas activas sin autorización.
2025-10-29 14:51:05,445 - INFO - El usuario confirmó contar con autorización para tareas activas.
2025-10-29 14:51:20,437 - INFO - Escaneo al host scanme.nmap.org terminado exitosamente.
2025-10-29 14:51:27,909 - INFO - El usuario nana salió del script.
